<?xml version="1.0" encoding="UTF-8"?>
<coverage generated="1750927935329" clover="3.2.0">
  <project timestamp="1750927935329" name="All files">
    <metrics statements="48" coveredstatements="46" conditionals="10" coveredconditionals="6" methods="17" coveredmethods="17" elements="75" coveredelements="69" complexity="0" loc="48" ncloc="48" packages="2" files="7" classes="7"/>
    <package name="Utils">
      <metrics statements="1" coveredstatements="1" conditionals="0" coveredconditionals="0" methods="0" coveredmethods="0"/>
      <file name="appStore.js" path="/Users/sgupta5/Downloads/MyF/src/Utils/appStore.js">
        <metrics statements="1" coveredstatements="1" conditionals="0" coveredconditionals="0" methods="0" coveredmethods="0"/>
        <line num="4" count="1" type="stmt"/>
      </file>
    </package>
    <package name="components">
      <metrics statements="47" coveredstatements="45" conditionals="10" coveredconditionals="6" methods="17" coveredmethods="17"/>
      <file name="Body.js" path="/Users/sgupta5/Downloads/MyF/src/components/Body.js">
        <metrics statements="29" coveredstatements="27" conditionals="6" coveredconditionals="4" methods="10" coveredmethods="10"/>
        <line num="8" count="1" type="stmt"/>
        <line num="13" count="9" type="stmt"/>
        <line num="14" count="9" type="stmt"/>
        <line num="16" count="9" type="stmt"/>
        <line num="19" count="9" type="stmt"/>
        <line num="20" count="3" type="stmt"/>
        <line num="23" count="9" type="stmt"/>
        <line num="24" count="3" type="stmt"/>
        <line num="27" count="3" type="stmt"/>
        <line num="32" count="3" type="stmt"/>
        <line num="34" count="6" type="stmt"/>
        <line num="37" count="3" type="cond" truecount="1" falsecount="1"/>
        <line num="38" count="3" type="stmt"/>
        <line num="39" count="3" type="stmt"/>
        <line num="41" count="0" type="stmt"/>
        <line num="42" count="0" type="stmt"/>
        <line num="49" count="9" type="stmt"/>
        <line num="51" count="9" type="cond" truecount="1" falsecount="1"/>
        <line num="53" count="9" type="cond" truecount="2" falsecount="0"/>
        <line num="54" count="3" type="stmt"/>
        <line num="57" count="6" type="stmt"/>
        <line num="67" count="1" type="stmt"/>
        <line num="74" count="1" type="stmt"/>
        <line num="75" count="20" type="stmt"/>
        <line num="77" count="1" type="stmt"/>
        <line num="87" count="1" type="stmt"/>
        <line num="88" count="20" type="stmt"/>
        <line num="90" count="1" type="stmt"/>
        <line num="99" count="101" type="stmt"/>
      </file>
      <file name="Contact.js" path="/Users/sgupta5/Downloads/MyF/src/components/Contact.js">
        <metrics statements="2" coveredstatements="2" conditionals="0" coveredconditionals="0" methods="1" coveredmethods="1"/>
        <line num="1" count="1" type="stmt"/>
        <line num="2" count="4" type="stmt"/>
      </file>
      <file name="Header.js" path="/Users/sgupta5/Downloads/MyF/src/components/Header.js">
        <metrics statements="8" coveredstatements="8" conditionals="4" coveredconditionals="2" methods="3" coveredmethods="3"/>
        <line num="8" count="1" type="stmt"/>
        <line num="9" count="4" type="stmt"/>
        <line num="18" count="4" type="stmt"/>
        <line num="20" count="4" type="stmt"/>
        <line num="26" count="7" type="stmt"/>
        <line num="27" count="4" type="stmt"/>
        <line num="29" count="4" type="stmt"/>
        <line num="56" count="1" type="cond" truecount="1" falsecount="1"/>
      </file>
      <file name="RestaurantCard.js" path="/Users/sgupta5/Downloads/MyF/src/components/RestaurantCard.js">
        <metrics statements="4" coveredstatements="4" conditionals="0" coveredconditionals="0" methods="1" coveredmethods="1"/>
        <line num="3" count="2" type="stmt"/>
        <line num="5" count="102" type="stmt"/>
        <line num="14" count="102" type="stmt"/>
        <line num="16" count="102" type="stmt"/>
      </file>
      <file name="Shimmer.js" path="/Users/sgupta5/Downloads/MyF/src/components/Shimmer.js">
        <metrics statements="2" coveredstatements="2" conditionals="0" coveredconditionals="0" methods="1" coveredmethods="1"/>
        <line num="2" count="1" type="stmt"/>
        <line num="3" count="3" type="stmt"/>
      </file>
      <file name="sum.js" path="/Users/sgupta5/Downloads/MyF/src/components/sum.js">
        <metrics statements="2" coveredstatements="2" conditionals="0" coveredconditionals="0" methods="1" coveredmethods="1"/>
        <line num="1" count="1" type="stmt"/>
        <line num="2" count="1" type="stmt"/>
      </file>
    </package>
  </project>
</coverage>
