{"/Users/sgupta5/Downloads/MyF/src/Utils/appStore.js": {"path":"/Users/sgupta5/Downloads/MyF/src/Utils/appStore.js","statementMap":{"0":{"start":{"line":4,"column":17},"end":{"line":9,"column":2}}},"fnMap":{},"branchMap":{},"s":{"0":1},"f":{},"b":{},"_coverageSchema":"1a1c01bbd47fc00a2c39e90264f33305004495a9","hash":"ea626cb39588876e4bdecc576e5df15187080ed9"}
,"/Users/sgupta5/Downloads/MyF/src/components/Body.js": {"path":"/Users/sgupta5/Downloads/MyF/src/components/Body.js","statementMap":{"0":{"start":{"line":8,"column":13},"end":{"line":109,"column":1}},"1":{"start":{"line":13,"column":51},"end":{"line":13,"column":63}},"2":{"start":{"line":14,"column":55},"end":{"line":14,"column":67}},"3":{"start":{"line":16,"column":38},"end":{"line":16,"column":50}},"4":{"start":{"line":19,"column":2},"end":{"line":21,"column":9}},"5":{"start":{"line":20,"column":4},"end":{"line":20,"column":16}},"6":{"start":{"line":23,"column":20},"end":{"line":44,"column":3}},"7":{"start":{"line":24,"column":17},"end":{"line":26,"column":5}},"8":{"start":{"line":27,"column":17},"end":{"line":27,"column":34}},"9":{"start":{"line":32,"column":6},"end":{"line":35,"column":61}},"10":{"start":{"line":34,"column":10},"end":{"line":34,"column":77}},"11":{"start":{"line":37,"column":4},"end":{"line":43,"column":5}},"12":{"start":{"line":38,"column":6},"end":{"line":38,"column":39}},"13":{"start":{"line":39,"column":6},"end":{"line":39,"column":41}},"14":{"start":{"line":41,"column":6},"end":{"line":41,"column":70}},"15":{"start":{"line":42,"column":6},"end":{"line":42,"column":30}},"16":{"start":{"line":49,"column":23},"end":{"line":49,"column":40}},"17":{"start":{"line":51,"column":2},"end":{"line":51,"column":110}},"18":{"start":{"line":51,"column":29},"end":{"line":51,"column":110}},"19":{"start":{"line":53,"column":2},"end":{"line":55,"column":3}},"20":{"start":{"line":54,"column":4},"end":{"line":54,"column":23}},"21":{"start":{"line":57,"column":2},"end":{"line":108,"column":4}},"22":{"start":{"line":67,"column":14},"end":{"line":67,"column":44}},"23":{"start":{"line":74,"column":42},"end":{"line":76,"column":15}},"24":{"start":{"line":75,"column":16},"end":{"line":75,"column":78}},"25":{"start":{"line":77,"column":14},"end":{"line":77,"column":57}},"26":{"start":{"line":87,"column":33},"end":{"line":89,"column":13}},"27":{"start":{"line":88,"column":23},"end":{"line":88,"column":45}},"28":{"start":{"line":90,"column":12},"end":{"line":90,"column":48}},"29":{"start":{"line":99,"column":10},"end":{"line":104,"column":17}}},"fnMap":{"0":{"name":"(anonymous_0)","decl":{"start":{"line":8,"column":13},"end":{"line":8,"column":14}},"loc":{"start":{"line":8,"column":19},"end":{"line":109,"column":1}},"line":8},"1":{"name":"(anonymous_1)","decl":{"start":{"line":19,"column":12},"end":{"line":19,"column":13}},"loc":{"start":{"line":19,"column":18},"end":{"line":21,"column":3}},"line":19},"2":{"name":"(anonymous_2)","decl":{"start":{"line":23,"column":20},"end":{"line":23,"column":21}},"loc":{"start":{"line":23,"column":32},"end":{"line":44,"column":3}},"line":23},"3":{"name":"(anonymous_3)","decl":{"start":{"line":33,"column":8},"end":{"line":33,"column":9}},"loc":{"start":{"line":34,"column":10},"end":{"line":34,"column":77}},"line":34},"4":{"name":"(anonymous_4)","decl":{"start":{"line":66,"column":22},"end":{"line":66,"column":23}},"loc":{"start":{"line":66,"column":29},"end":{"line":68,"column":13}},"line":66},"5":{"name":"(anonymous_5)","decl":{"start":{"line":71,"column":21},"end":{"line":71,"column":22}},"loc":{"start":{"line":71,"column":27},"end":{"line":78,"column":13}},"line":71},"6":{"name":"(anonymous_6)","decl":{"start":{"line":74,"column":67},"end":{"line":74,"column":68}},"loc":{"start":{"line":75,"column":16},"end":{"line":75,"column":78}},"line":75},"7":{"name":"(anonymous_7)","decl":{"start":{"line":86,"column":19},"end":{"line":86,"column":20}},"loc":{"start":{"line":86,"column":25},"end":{"line":91,"column":11}},"line":86},"8":{"name":"(anonymous_8)","decl":{"start":{"line":88,"column":14},"end":{"line":88,"column":15}},"loc":{"start":{"line":88,"column":23},"end":{"line":88,"column":45}},"line":88},"9":{"name":"(anonymous_9)","decl":{"start":{"line":98,"column":33},"end":{"line":98,"column":34}},"loc":{"start":{"line":99,"column":10},"end":{"line":104,"column":17}},"line":99}},"branchMap":{"0":{"loc":{"start":{"line":37,"column":4},"end":{"line":43,"column":5}},"type":"if","locations":[{"start":{"line":37,"column":4},"end":{"line":43,"column":5}},{"start":{"line":40,"column":11},"end":{"line":43,"column":5}}],"line":37},"1":{"loc":{"start":{"line":51,"column":2},"end":{"line":51,"column":110}},"type":"if","locations":[{"start":{"line":51,"column":2},"end":{"line":51,"column":110}},{"start":{},"end":{}}],"line":51},"2":{"loc":{"start":{"line":53,"column":2},"end":{"line":55,"column":3}},"type":"if","locations":[{"start":{"line":53,"column":2},"end":{"line":55,"column":3}},{"start":{},"end":{}}],"line":53}},"s":{"0":1,"1":9,"2":9,"3":9,"4":9,"5":3,"6":9,"7":3,"8":3,"9":3,"10":6,"11":3,"12":3,"13":3,"14":0,"15":0,"16":9,"17":9,"18":0,"19":9,"20":3,"21":6,"22":1,"23":1,"24":20,"25":1,"26":1,"27":20,"28":1,"29":101},"f":{"0":9,"1":3,"2":3,"3":6,"4":1,"5":1,"6":20,"7":1,"8":20,"9":101},"b":{"0":[3,0],"1":[0,9],"2":[3,6]},"_coverageSchema":"1a1c01bbd47fc00a2c39e90264f33305004495a9","hash":"da66a4ce5a1a75daf60e8ea465b45558d9432ca6"}
,"/Users/sgupta5/Downloads/MyF/src/components/Contact.js": {"path":"/Users/sgupta5/Downloads/MyF/src/components/Contact.js","statementMap":{"0":{"start":{"line":1,"column":16},"end":{"line":32,"column":3}},"1":{"start":{"line":2,"column":4},"end":{"line":31,"column":6}}},"fnMap":{"0":{"name":"(anonymous_0)","decl":{"start":{"line":1,"column":16},"end":{"line":1,"column":17}},"loc":{"start":{"line":1,"column":22},"end":{"line":32,"column":3}},"line":1}},"branchMap":{},"s":{"0":1,"1":4},"f":{"0":4},"b":{},"_coverageSchema":"1a1c01bbd47fc00a2c39e90264f33305004495a9","hash":"712c7e4e4c6d463410093831f5651e487bb93c6d"}
,"/Users/sgupta5/Downloads/MyF/src/components/Header.js": {"path":"/Users/sgupta5/Downloads/MyF/src/components/Header.js","statementMap":{"0":{"start":{"line":8,"column":15},"end":{"line":68,"column":1}},"1":{"start":{"line":9,"column":42},"end":{"line":9,"column":59}},"2":{"start":{"line":18,"column":23},"end":{"line":18,"column":40}},"3":{"start":{"line":20,"column":25},"end":{"line":20,"column":48}},"4":{"start":{"line":26,"column":20},"end":{"line":26,"column":60}},"5":{"start":{"line":26,"column":43},"end":{"line":26,"column":59}},"6":{"start":{"line":27,"column":2},"end":{"line":27,"column":24}},"7":{"start":{"line":29,"column":2},"end":{"line":67,"column":4}},"8":{"start":{"line":56,"column":14},"end":{"line":58,"column":43}}},"fnMap":{"0":{"name":"(anonymous_0)","decl":{"start":{"line":8,"column":15},"end":{"line":8,"column":16}},"loc":{"start":{"line":8,"column":21},"end":{"line":68,"column":1}},"line":8},"1":{"name":"(anonymous_1)","decl":{"start":{"line":26,"column":32},"end":{"line":26,"column":33}},"loc":{"start":{"line":26,"column":43},"end":{"line":26,"column":59}},"line":26},"2":{"name":"(anonymous_2)","decl":{"start":{"line":55,"column":21},"end":{"line":55,"column":22}},"loc":{"start":{"line":55,"column":27},"end":{"line":59,"column":13}},"line":55}},"branchMap":{"0":{"loc":{"start":{"line":36,"column":47},"end":{"line":36,"column":72}},"type":"cond-expr","locations":[{"start":{"line":36,"column":62},"end":{"line":36,"column":65}},{"start":{"line":36,"column":68},"end":{"line":36,"column":72}}],"line":36},"1":{"loc":{"start":{"line":56,"column":14},"end":{"line":58,"column":42}},"type":"cond-expr","locations":[{"start":{"line":57,"column":18},"end":{"line":57,"column":43}},{"start":{"line":58,"column":18},"end":{"line":58,"column":42}}],"line":56}},"s":{"0":1,"1":4,"2":4,"3":4,"4":4,"5":7,"6":4,"7":4,"8":1},"f":{"0":4,"1":7,"2":1},"b":{"0":[4,0],"1":[1,0]},"_coverageSchema":"1a1c01bbd47fc00a2c39e90264f33305004495a9","hash":"f861712c3208c72c680284c825aff56863fbd253"}
,"/Users/sgupta5/Downloads/MyF/src/components/RestaurantCard.js": {"path":"/Users/sgupta5/Downloads/MyF/src/components/RestaurantCard.js","statementMap":{"0":{"start":{"line":3,"column":23},"end":{"line":29,"column":1}},"1":{"start":{"line":5,"column":22},"end":{"line":5,"column":27}},"2":{"start":{"line":14,"column":6},"end":{"line":14,"column":19}},"3":{"start":{"line":16,"column":2},"end":{"line":28,"column":4}}},"fnMap":{"0":{"name":"(anonymous_0)","decl":{"start":{"line":3,"column":23},"end":{"line":3,"column":24}},"loc":{"start":{"line":3,"column":34},"end":{"line":29,"column":1}},"line":3}},"branchMap":{},"s":{"0":2,"1":102,"2":102,"3":102},"f":{"0":102},"b":{},"_coverageSchema":"1a1c01bbd47fc00a2c39e90264f33305004495a9","hash":"8bb9c89cd3963c87a2218e9c369b252a99a5a9a3"}
,"/Users/sgupta5/Downloads/MyF/src/components/Shimmer.js": {"path":"/Users/sgupta5/Downloads/MyF/src/components/Shimmer.js","statementMap":{"0":{"start":{"line":2,"column":16},"end":{"line":25,"column":1}},"1":{"start":{"line":3,"column":4},"end":{"line":24,"column":6}}},"fnMap":{"0":{"name":"(anonymous_0)","decl":{"start":{"line":2,"column":16},"end":{"line":2,"column":17}},"loc":{"start":{"line":2,"column":22},"end":{"line":25,"column":1}},"line":2}},"branchMap":{},"s":{"0":1,"1":3},"f":{"0":3},"b":{},"_coverageSchema":"1a1c01bbd47fc00a2c39e90264f33305004495a9","hash":"42b1c95bc52326f93cc14c29284fbec772632fb8"}
,"/Users/sgupta5/Downloads/MyF/src/components/sum.js": {"path":"/Users/sgupta5/Downloads/MyF/src/components/sum.js","statementMap":{"0":{"start":{"line":1,"column":19},"end":{"line":3,"column":1}},"1":{"start":{"line":2,"column":4},"end":{"line":2,"column":15}}},"fnMap":{"0":{"name":"(anonymous_0)","decl":{"start":{"line":1,"column":19},"end":{"line":1,"column":20}},"loc":{"start":{"line":1,"column":29},"end":{"line":3,"column":1}},"line":1}},"branchMap":{},"s":{"0":1,"1":1},"f":{"0":1},"b":{},"_coverageSchema":"1a1c01bbd47fc00a2c39e90264f33305004495a9","hash":"f48a9871bbc45058d34db12895daee9be6e1c811"}
}
