TN:
SF:src/Utils/appStore.js
FNF:0
FNH:0
DA:4,1
LF:1
LH:1
BRF:0
BRH:0
end_of_record
TN:
SF:src/components/Body.js
FN:8,(anonymous_0)
FN:19,(anonymous_1)
FN:23,(anonymous_2)
FN:33,(anonymous_3)
FN:66,(anonymous_4)
FN:71,(anonymous_5)
FN:74,(anonymous_6)
FN:86,(anonymous_7)
FN:88,(anonymous_8)
FN:98,(anonymous_9)
FNF:10
FNH:10
FNDA:9,(anonymous_0)
FNDA:3,(anonymous_1)
FNDA:3,(anonymous_2)
FNDA:6,(anonymous_3)
FNDA:1,(anonymous_4)
FNDA:1,(anonymous_5)
FNDA:20,(anonymous_6)
FNDA:1,(anonymous_7)
FNDA:20,(anonymous_8)
FNDA:101,(anonymous_9)
DA:8,1
DA:13,9
DA:14,9
DA:16,9
DA:19,9
DA:20,3
DA:23,9
DA:24,3
DA:27,3
DA:32,3
DA:34,6
DA:37,3
DA:38,3
DA:39,3
DA:41,0
DA:42,0
DA:49,9
DA:51,9
DA:53,9
DA:54,3
DA:57,6
DA:67,1
DA:74,1
DA:75,20
DA:77,1
DA:87,1
DA:88,20
DA:90,1
DA:99,101
LF:29
LH:27
BRDA:37,0,0,3
BRDA:37,0,1,0
BRDA:51,1,0,0
BRDA:51,1,1,9
BRDA:53,2,0,3
BRDA:53,2,1,6
BRF:6
BRH:4
end_of_record
TN:
SF:src/components/Contact.js
FN:1,(anonymous_0)
FNF:1
FNH:1
FNDA:4,(anonymous_0)
DA:1,1
DA:2,4
LF:2
LH:2
BRF:0
BRH:0
end_of_record
TN:
SF:src/components/Header.js
FN:8,(anonymous_0)
FN:26,(anonymous_1)
FN:55,(anonymous_2)
FNF:3
FNH:3
FNDA:4,(anonymous_0)
FNDA:7,(anonymous_1)
FNDA:1,(anonymous_2)
DA:8,1
DA:9,4
DA:18,4
DA:20,4
DA:26,7
DA:27,4
DA:29,4
DA:56,1
LF:8
LH:8
BRDA:36,0,0,4
BRDA:36,0,1,0
BRDA:56,1,0,1
BRDA:56,1,1,0
BRF:4
BRH:2
end_of_record
TN:
SF:src/components/RestaurantCard.js
FN:3,(anonymous_0)
FNF:1
FNH:1
FNDA:102,(anonymous_0)
DA:3,2
DA:5,102
DA:14,102
DA:16,102
LF:4
LH:4
BRF:0
BRH:0
end_of_record
TN:
SF:src/components/Shimmer.js
FN:2,(anonymous_0)
FNF:1
FNH:1
FNDA:3,(anonymous_0)
DA:2,1
DA:3,3
LF:2
LH:2
BRF:0
BRH:0
end_of_record
TN:
SF:src/components/sum.js
FN:1,(anonymous_0)
FNF:1
FNH:1
FNDA:1,(anonymous_0)
DA:1,1
DA:2,1
LF:2
LH:2
BRF:0
BRH:0
end_of_record
